<?xml version="1.0" encoding="UTF-8"?>
<!-- Generated by org.testng.reporters.JUnitXMLReporter -->
<testsuite ignored="4" hostname="DESKTOP-L1E3R1F" failures="0" tests="1" name="Default test" time="1.997" errors="0" timestamp="2021-07-10T11:42:11 EDT">
  <testcase classname="api_tests.PetStoreTests" name="addNewPetWithJsonFile" time="1.952"/>
  <testcase classname="api_tests.PetStoreTests" name="findByID" time="0.0">
    <ignored/>
  </testcase> <!-- findByID -->
  <testcase classname="api_tests.PetStoreTests" name="f" time="0.0">
    <ignored/>
  </testcase> <!-- f -->
  <testcase classname="api_tests.PetStoreTests" name="findByInvalidID" time="0.0">
    <ignored/>
  </testcase> <!-- findByInvalidID -->
  <testcase classname="api_tests.PetStoreTests" name="addNewPetWithChainValidation" time="0.0">
    <ignored/>
  </testcase> <!-- addNewPetWithChainValidation -->
</testsuite> <!-- Default test -->
