<?xml version="1.0" encoding="UTF-8"?>
<testng-results ignored="4" total="5" passed="1" failed="0" skipped="0">
  <reporter-output>
  </reporter-output>
  <suite started-at="2021-07-10T11:42:09 EDT" name="Default suite" finished-at="2021-07-10T11:42:11 EDT" duration-ms="1997">
    <groups>
    </groups>
    <test started-at="2021-07-10T11:42:09 EDT" name="Default test" finished-at="2021-07-10T11:42:11 EDT" duration-ms="1997">
      <class name="api_tests.PetStoreTests">
        <test-method signature="addNewPetWithJsonFile()[pri:0, instance:api_tests.PetStoreTests@6e4784bc]" started-at="2021-07-10T11:42:09 EDT" name="addNewPetWithJsonFile" finished-at="2021-07-10T11:42:11 EDT" duration-ms="1952" status="PASS">
          <reporter-output>
          </reporter-output>
        </test-method> <!-- addNewPetWithJsonFile -->
      </class> <!-- api_tests.PetStoreTests -->
    </test> <!-- Default test -->
  </suite> <!-- Default suite -->
</testng-results>
